<?xml version="1.0" encoding="UTF-8"?>
<coverage generated="1731944131053" clover="3.2.0">
  <project timestamp="1731944131053" name="All files">
    <metrics statements="18" coveredstatements="18" conditionals="0" coveredconditionals="0" methods="3" coveredmethods="3" elements="21" coveredelements="21" complexity="0" loc="18" ncloc="18" packages="1" files="2" classes="2"/>
    <file name="postService.ts" path="C:\Users\yanki\OneDrive\שולחן העבודה\reactPrjects\testing with jest\jest with mock\src\services\postService.ts">
      <metrics statements="12" coveredstatements="12" conditionals="0" coveredconditionals="0" methods="2" coveredmethods="2"/>
      <line num="1" count="1" type="stmt"/>
      <line num="4" count="1" type="stmt"/>
      <line num="8" count="1" type="stmt"/>
      <line num="11" count="1" type="stmt"/>
      <line num="12" count="1" type="stmt"/>
      <line num="14" count="1" type="stmt"/>
      <line num="17" count="1" type="stmt"/>
      <line num="20" count="1" type="stmt"/>
      <line num="21" count="1" type="stmt"/>
      <line num="22" count="1" type="stmt"/>
      <line num="24" count="1" type="stmt"/>
      <line num="28" count="1" type="stmt"/>
    </file>
    <file name="userService.ts" path="C:\Users\yanki\OneDrive\שולחן העבודה\reactPrjects\testing with jest\jest with mock\src\services\userService.ts">
      <metrics statements="6" coveredstatements="6" conditionals="0" coveredconditionals="0" methods="1" coveredmethods="1"/>
      <line num="1" count="1" type="stmt"/>
      <line num="5" count="1" type="stmt"/>
      <line num="14" count="2" type="stmt"/>
      <line num="17" count="2" type="stmt"/>
      <line num="19" count="2" type="stmt"/>
      <line num="23" count="1" type="stmt"/>
    </file>
  </project>
</coverage>
