{"C:\\Users\\yanki\\OneDrive\\שולחן העבודה\\reactPrjects\\testing with jest\\jest with mock\\src\\services\\postService.ts": {"path":"C:\\Users\\yanki\\OneDrive\\שולחן העבודה\\reactPrjects\\testing with jest\\jest with mock\\src\\services\\postService.ts","statementMap":{"0":{"start":{"line":1,"column":0},"end":{"line":1,"column":26}},"1":{"start":{"line":4,"column":0},"end":{"line":4,"column":40}},"2":{"start":{"line":11,"column":21},"end":{"line":11,"column":67}},"3":{"start":{"line":12,"column":27},"end":{"line":12,"column":40}},"4":{"start":{"line":14,"column":4},"end":{"line":14,"column":17}},"5":{"start":{"line":17,"column":21},"end":{"line":18,"column":null}},"6":{"start":{"line":20,"column":24},"end":{"line":20,"column":37}},"7":{"start":{"line":21,"column":27},"end":{"line":21,"column":38}},"8":{"start":{"line":22,"column":24},"end":{"line":22,"column":59}},"9":{"start":{"line":24,"column":4},"end":{"line":24,"column":26}},"10":{"start":{"line":8,"column":9},"end":{"line":8,"column":71}},"11":{"start":{"line":28,"column":0},"end":{"line":28,"column":27}}},"fnMap":{"0":{"name":"(anonymous_8)","decl":{"start":{"line":10,"column":2},"end":{"line":10,"column":8}},"loc":{"start":{"line":10,"column":25},"end":{"line":15,"column":null}}},"1":{"name":"(anonymous_10)","decl":{"start":{"line":16,"column":2},"end":{"line":16,"column":8}},"loc":{"start":{"line":16,"column":45},"end":{"line":25,"column":null}}}},"branchMap":{},"s":{"0":1,"1":1,"2":1,"3":1,"4":1,"5":1,"6":1,"7":1,"8":1,"9":1,"10":1,"11":1},"f":{"0":1,"1":1},"b":{}}
,"C:\\Users\\yanki\\OneDrive\\שולחן העבודה\\reactPrjects\\testing with jest\\jest with mock\\src\\services\\userService.ts": {"path":"C:\\Users\\yanki\\OneDrive\\שולחן העבודה\\reactPrjects\\testing with jest\\jest with mock\\src\\services\\userService.ts","statementMap":{"0":{"start":{"line":1,"column":0},"end":{"line":1,"column":26}},"1":{"start":{"line":14,"column":21},"end":{"line":15,"column":null}},"2":{"start":{"line":17,"column":24},"end":{"line":17,"column":37}},"3":{"start":{"line":19,"column":4},"end":{"line":19,"column":16}},"4":{"start":{"line":5,"column":9},"end":{"line":5,"column":71}},"5":{"start":{"line":23,"column":0},"end":{"line":23,"column":27}}},"fnMap":{"0":{"name":"(anonymous_8)","decl":{"start":{"line":13,"column":2},"end":{"line":13,"column":8}},"loc":{"start":{"line":13,"column":39},"end":{"line":20,"column":null}}}},"branchMap":{},"s":{"0":1,"1":2,"2":2,"3":2,"4":1,"5":1},"f":{"0":2},"b":{}}
}
