{"C:\\Users\\yanki\\OneDrive\\שולחן העבודה\\reactPrjects\\testing with jest\\intergationTests\\src\\app.ts": {"path":"C:\\Users\\yanki\\OneDrive\\שולחן העבודה\\reactPrjects\\testing with jest\\intergationTests\\src\\app.ts","statementMap":{"0":{"start":{"line":1,"column":0},"end":{"line":1,"column":30}},"1":{"start":{"line":2,"column":0},"end":{"line":2,"column":28}},"2":{"start":{"line":3,"column":0},"end":{"line":3,"column":24}},"3":{"start":{"line":5,"column":0},"end":{"line":5,"column":41}},"4":{"start":{"line":6,"column":0},"end":{"line":6,"column":40}},"5":{"start":{"line":7,"column":0},"end":{"line":7,"column":45}},"6":{"start":{"line":8,"column":0},"end":{"line":10,"column":3}},"7":{"start":{"line":11,"column":12},"end":{"line":11,"column":21}},"8":{"start":{"line":12,"column":13},"end":{"line":12,"column":37}},"9":{"start":{"line":15,"column":0},"end":{"line":15,"column":24}},"10":{"start":{"line":16,"column":0},"end":{"line":16,"column":16}},"11":{"start":{"line":17,"column":0},"end":{"line":17,"column":24}},"12":{"start":{"line":18,"column":0},"end":{"line":18,"column":12}},"13":{"start":{"line":21,"column":0},"end":{"line":21,"column":30}},"14":{"start":{"line":23,"column":0},"end":{"line":25,"column":3}},"15":{"start":{"line":24,"column":2},"end":{"line":24,"column":51}},"16":{"start":{"line":27,"column":0},"end":{"line":27,"column":19}}},"fnMap":{"0":{"name":"(anonymous_1)","decl":{"start":{"line":23,"column":17},"end":{"line":23,"column":20}},"loc":{"start":{"line":23,"column":22},"end":{"line":25,"column":1}}}},"branchMap":{"0":{"loc":{"start":{"line":9,"column":8},"end":{"line":9,"column":75}},"type":"cond-expr","locations":[{"start":{"line":9,"column":55},"end":{"line":9,"column":61}},{"start":{"line":9,"column":64},"end":{"line":9,"column":75}}]},"1":{"loc":{"start":{"line":12,"column":13},"end":{"line":12,"column":37}},"type":"binary-expr","locations":[{"start":{"line":12,"column":13},"end":{"line":12,"column":29}},{"start":{"line":12,"column":33},"end":{"line":12,"column":37}}]}},"s":{"0":1,"1":1,"2":1,"3":1,"4":1,"5":1,"6":1,"7":1,"8":1,"9":1,"10":1,"11":1,"12":1,"13":1,"14":1,"15":1,"16":1},"f":{"0":1},"b":{"0":[0,1],"1":[1,0]}}
,"C:\\Users\\yanki\\OneDrive\\שולחן העבודה\\reactPrjects\\testing with jest\\intergationTests\\src\\config\\db.ts": {"path":"C:\\Users\\yanki\\OneDrive\\שולחן העבודה\\reactPrjects\\testing with jest\\intergationTests\\src\\config\\db.ts","statementMap":{"0":{"start":{"line":3,"column":0},"end":{"line":3,"column":22}},"1":{"start":{"line":1,"column":0},"end":{"line":1,"column":32}},"2":{"start":{"line":4,"column":4},"end":{"line":13,"column":1}},"3":{"start":{"line":5,"column":33},"end":{"line":5,"column":54}},"4":{"start":{"line":6,"column":4},"end":{"line":7,"column":56}},"5":{"start":{"line":7,"column":8},"end":{"line":7,"column":56}},"6":{"start":{"line":8,"column":23},"end":{"line":8,"column":50}},"7":{"start":{"line":9,"column":4},"end":{"line":9,"column":null}},"8":{"start":{"line":12,"column":4},"end":{"line":12,"column":58}}},"fnMap":{"0":{"name":"connectDB","decl":{"start":{"line":3,"column":22},"end":{"line":3,"column":31}},"loc":{"start":{"line":3,"column":31},"end":{"line":14,"column":null}}}},"branchMap":{"0":{"loc":{"start":{"line":6,"column":4},"end":{"line":7,"column":56}},"type":"if","locations":[{"start":{"line":6,"column":4},"end":{"line":7,"column":56}}]}},"s":{"0":1,"1":1,"2":1,"3":1,"4":1,"5":0,"6":1,"7":1,"8":0},"f":{"0":1},"b":{"0":[0]}}
,"C:\\Users\\yanki\\OneDrive\\שולחן העבודה\\reactPrjects\\testing with jest\\intergationTests\\src\\controllers\\someStuff.ts": {"path":"C:\\Users\\yanki\\OneDrive\\שולחן העבודה\\reactPrjects\\testing with jest\\intergationTests\\src\\controllers\\someStuff.ts","statementMap":{"0":{"start":{"line":2,"column":0},"end":{"line":2,"column":28}},"1":{"start":{"line":3,"column":0},"end":{"line":3,"column":50}},"2":{"start":{"line":4,"column":0},"end":{"line":4,"column":31}},"3":{"start":{"line":10,"column":23},"end":{"line":12,"column":2}},"4":{"start":{"line":10,"column":76},"end":{"line":12,"column":2}},"5":{"start":{"line":11,"column":2},"end":{"line":11,"column":52}},"6":{"start":{"line":10,"column":13},"end":{"line":10,"column":23}},"7":{"start":{"line":14,"column":24},"end":{"line":46,"column":2}},"8":{"start":{"line":14,"column":77},"end":{"line":46,"column":2}},"9":{"start":{"line":15,"column":36},"end":{"line":15,"column":44}},"10":{"start":{"line":16,"column":2},"end":{"line":45,"column":3}},"11":{"start":{"line":17,"column":4},"end":{"line":20,"column":5}},"12":{"start":{"line":18,"column":6},"end":{"line":18,"column":22}},"13":{"start":{"line":19,"column":6},"end":{"line":19,"column":62}},"14":{"start":{"line":22,"column":4},"end":{"line":24,"column":5}},"15":{"start":{"line":23,"column":6},"end":{"line":23,"column":43}},"16":{"start":{"line":25,"column":17},"end":{"line":25,"column":41}},"17":{"start":{"line":26,"column":4},"end":{"line":26,"column":58}},"18":{"start":{"line":26,"column":15},"end":{"line":26,"column":58}},"19":{"start":{"line":27,"column":21},"end":{"line":27,"column":54}},"20":{"start":{"line":28,"column":17},"end":{"line":32,"column":6}},"21":{"start":{"line":33,"column":26},"end":{"line":37,"column":6}},"22":{"start":{"line":38,"column":4},"end":{"line":38,"column":35}},"23":{"start":{"line":40,"column":4},"end":{"line":40,"column":32}},"24":{"start":{"line":41,"column":23},"end":{"line":41,"column":68}},"25":{"start":{"line":42,"column":4},"end":{"line":44,"column":75}},"26":{"start":{"line":14,"column":13},"end":{"line":14,"column":24}},"27":{"start":{"line":47,"column":21},"end":{"line":96,"column":2}},"28":{"start":{"line":47,"column":74},"end":{"line":96,"column":2}},"29":{"start":{"line":48,"column":2},"end":{"line":95,"column":3}},"30":{"start":{"line":49,"column":32},"end":{"line":49,"column":40}},"31":{"start":{"line":50,"column":4},"end":{"line":55,"column":5}},"32":{"start":{"line":51,"column":6},"end":{"line":53,"column":79}},"33":{"start":{"line":54,"column":6},"end":{"line":54,"column":13}},"34":{"start":{"line":57,"column":17},"end":{"line":57,"column":46}},"35":{"start":{"line":59,"column":4},"end":{"line":62,"column":5}},"36":{"start":{"line":60,"column":6},"end":{"line":60,"column":74}},"37":{"start":{"line":61,"column":6},"end":{"line":61,"column":13}},"38":{"start":{"line":64,"column":28},"end":{"line":64,"column":73}},"39":{"start":{"line":66,"column":4},"end":{"line":89,"column":5}},"40":{"start":{"line":67,"column":20},"end":{"line":72,"column":null}},"41":{"start":{"line":74,"column":6},"end":{"line":78,"column":9}},"42":{"start":{"line":80,"column":28},"end":{"line":84,"column":8}},"43":{"start":{"line":86,"column":6},"end":{"line":86,"column":37}},"44":{"start":{"line":88,"column":6},"end":{"line":88,"column":76}},"45":{"start":{"line":91,"column":23},"end":{"line":91,"column":68}},"46":{"start":{"line":92,"column":4},"end":{"line":94,"column":75}},"47":{"start":{"line":47,"column":13},"end":{"line":47,"column":21}},"48":{"start":{"line":98,"column":22},"end":{"line":103,"column":2}},"49":{"start":{"line":98,"column":75},"end":{"line":103,"column":2}},"50":{"start":{"line":99,"column":2},"end":{"line":102,"column":65}},"51":{"start":{"line":98,"column":13},"end":{"line":98,"column":22}},"52":{"start":{"line":105,"column":24},"end":{"line":141,"column":2}},"53":{"start":{"line":105,"column":62},"end":{"line":141,"column":2}},"54":{"start":{"line":106,"column":2},"end":{"line":140,"column":3}},"55":{"start":{"line":107,"column":26},"end":{"line":107,"column":34}},"56":{"start":{"line":109,"column":4},"end":{"line":112,"column":5}},"57":{"start":{"line":110,"column":6},"end":{"line":110,"column":22}},"58":{"start":{"line":111,"column":6},"end":{"line":111,"column":41}},"59":{"start":{"line":113,"column":4},"end":{"line":116,"column":5}},"60":{"start":{"line":114,"column":6},"end":{"line":114,"column":22}},"61":{"start":{"line":115,"column":6},"end":{"line":115,"column":47}},"62":{"start":{"line":117,"column":17},"end":{"line":117,"column":75}},"63":{"start":{"line":119,"column":4},"end":{"line":122,"column":5}},"64":{"start":{"line":120,"column":6},"end":{"line":120,"column":22}},"65":{"start":{"line":121,"column":6},"end":{"line":121,"column":55}},"66":{"start":{"line":123,"column":26},"end":{"line":127,"column":6}},"67":{"start":{"line":129,"column":4},"end":{"line":129,"column":35}},"68":{"start":{"line":131,"column":4},"end":{"line":131,"column":29}},"69":{"start":{"line":132,"column":4},"end":{"line":139,"column":76}},"70":{"start":{"line":133,"column":6},"end":{"line":135,"column":76}},"71":{"start":{"line":137,"column":6},"end":{"line":139,"column":76}},"72":{"start":{"line":105,"column":13},"end":{"line":105,"column":24}},"73":{"start":{"line":143,"column":26},"end":{"line":171,"column":2}},"74":{"start":{"line":143,"column":64},"end":{"line":171,"column":2}},"75":{"start":{"line":144,"column":2},"end":{"line":170,"column":3}},"76":{"start":{"line":145,"column":20},"end":{"line":145,"column":28}},"77":{"start":{"line":146,"column":4},"end":{"line":149,"column":5}},"78":{"start":{"line":147,"column":6},"end":{"line":147,"column":22}},"79":{"start":{"line":148,"column":6},"end":{"line":148,"column":41}},"80":{"start":{"line":150,"column":17},"end":{"line":150,"column":50}},"81":{"start":{"line":151,"column":4},"end":{"line":154,"column":5}},"82":{"start":{"line":152,"column":6},"end":{"line":152,"column":22}},"83":{"start":{"line":153,"column":6},"end":{"line":153,"column":48}},"84":{"start":{"line":155,"column":26},"end":{"line":159,"column":6}},"85":{"start":{"line":160,"column":4},"end":{"line":160,"column":35}},"86":{"start":{"line":162,"column":4},"end":{"line":169,"column":76}},"87":{"start":{"line":163,"column":6},"end":{"line":165,"column":76}},"88":{"start":{"line":167,"column":6},"end":{"line":169,"column":76}},"89":{"start":{"line":143,"column":13},"end":{"line":143,"column":26}}},"fnMap":{"0":{"name":"(anonymous_8)","decl":{"start":{"line":10,"column":23},"end":{"line":10,"column":30}},"loc":{"start":{"line":10,"column":76},"end":{"line":12,"column":2}}},"1":{"name":"(anonymous_9)","decl":{"start":{"line":10,"column":76},"end":{"line":10,"column":null}},"loc":{"start":{"line":10,"column":76},"end":{"line":12,"column":1}}},"2":{"name":"(anonymous_10)","decl":{"start":{"line":14,"column":24},"end":{"line":14,"column":31}},"loc":{"start":{"line":14,"column":77},"end":{"line":46,"column":2}}},"3":{"name":"(anonymous_11)","decl":{"start":{"line":14,"column":77},"end":{"line":14,"column":null}},"loc":{"start":{"line":14,"column":77},"end":{"line":46,"column":1}}},"4":{"name":"(anonymous_12)","decl":{"start":{"line":47,"column":21},"end":{"line":47,"column":28}},"loc":{"start":{"line":47,"column":74},"end":{"line":96,"column":2}}},"5":{"name":"(anonymous_13)","decl":{"start":{"line":47,"column":74},"end":{"line":47,"column":null}},"loc":{"start":{"line":47,"column":74},"end":{"line":96,"column":1}}},"6":{"name":"(anonymous_14)","decl":{"start":{"line":98,"column":22},"end":{"line":98,"column":29}},"loc":{"start":{"line":98,"column":75},"end":{"line":103,"column":2}}},"7":{"name":"(anonymous_15)","decl":{"start":{"line":98,"column":75},"end":{"line":98,"column":null}},"loc":{"start":{"line":98,"column":75},"end":{"line":103,"column":1}}},"8":{"name":"(anonymous_16)","decl":{"start":{"line":105,"column":24},"end":{"line":105,"column":31}},"loc":{"start":{"line":105,"column":62},"end":{"line":141,"column":2}}},"9":{"name":"(anonymous_17)","decl":{"start":{"line":105,"column":62},"end":{"line":105,"column":null}},"loc":{"start":{"line":105,"column":62},"end":{"line":141,"column":1}}},"10":{"name":"(anonymous_18)","decl":{"start":{"line":143,"column":26},"end":{"line":143,"column":33}},"loc":{"start":{"line":143,"column":64},"end":{"line":171,"column":2}}},"11":{"name":"(anonymous_19)","decl":{"start":{"line":143,"column":64},"end":{"line":143,"column":null}},"loc":{"start":{"line":143,"column":64},"end":{"line":171,"column":1}}}},"branchMap":{"0":{"loc":{"start":{"line":17,"column":4},"end":{"line":20,"column":5}},"type":"if","locations":[{"start":{"line":17,"column":4},"end":{"line":20,"column":5}}]},"1":{"loc":{"start":{"line":17,"column":8},"end":{"line":17,"column":36}},"type":"binary-expr","locations":[{"start":{"line":17,"column":8},"end":{"line":17,"column":14}},{"start":{"line":17,"column":18},"end":{"line":17,"column":27}},{"start":{"line":17,"column":31},"end":{"line":17,"column":36}}]},"2":{"loc":{"start":{"line":22,"column":4},"end":{"line":24,"column":5}},"type":"if","locations":[{"start":{"line":22,"column":4},"end":{"line":24,"column":5}}]},"3":{"loc":{"start":{"line":26,"column":4},"end":{"line":26,"column":58}},"type":"if","locations":[{"start":{"line":26,"column":4},"end":{"line":26,"column":58}}]},"4":{"loc":{"start":{"line":41,"column":23},"end":{"line":41,"column":68}},"type":"cond-expr","locations":[{"start":{"line":41,"column":48},"end":{"line":41,"column":62}},{"start":{"line":41,"column":65},"end":{"line":41,"column":68}}]},"5":{"loc":{"start":{"line":50,"column":4},"end":{"line":55,"column":5}},"type":"if","locations":[{"start":{"line":50,"column":4},"end":{"line":55,"column":5}}]},"6":{"loc":{"start":{"line":50,"column":8},"end":{"line":50,"column":27}},"type":"binary-expr","locations":[{"start":{"line":50,"column":8},"end":{"line":50,"column":14}},{"start":{"line":50,"column":18},"end":{"line":50,"column":27}}]},"7":{"loc":{"start":{"line":59,"column":4},"end":{"line":62,"column":5}},"type":"if","locations":[{"start":{"line":59,"column":4},"end":{"line":62,"column":5}}]},"8":{"loc":{"start":{"line":66,"column":4},"end":{"line":89,"column":5}},"type":"if","locations":[{"start":{"line":66,"column":4},"end":{"line":89,"column":5}},{"start":{"line":87,"column":11},"end":{"line":89,"column":5}}]},"9":{"loc":{"start":{"line":91,"column":23},"end":{"line":91,"column":68}},"type":"cond-expr","locations":[{"start":{"line":91,"column":48},"end":{"line":91,"column":62}},{"start":{"line":91,"column":65},"end":{"line":91,"column":68}}]},"10":{"loc":{"start":{"line":109,"column":4},"end":{"line":112,"column":5}},"type":"if","locations":[{"start":{"line":109,"column":4},"end":{"line":112,"column":5}}]},"11":{"loc":{"start":{"line":113,"column":4},"end":{"line":116,"column":5}},"type":"if","locations":[{"start":{"line":113,"column":4},"end":{"line":116,"column":5}}]},"12":{"loc":{"start":{"line":119,"column":4},"end":{"line":122,"column":5}},"type":"if","locations":[{"start":{"line":119,"column":4},"end":{"line":122,"column":5}}]},"13":{"loc":{"start":{"line":132,"column":4},"end":{"line":139,"column":76}},"type":"if","locations":[{"start":{"line":132,"column":4},"end":{"line":139,"column":76}},{"start":{"line":137,"column":6},"end":{"line":139,"column":76}}]},"14":{"loc":{"start":{"line":146,"column":4},"end":{"line":149,"column":5}},"type":"if","locations":[{"start":{"line":146,"column":4},"end":{"line":149,"column":5}}]},"15":{"loc":{"start":{"line":151,"column":4},"end":{"line":154,"column":5}},"type":"if","locations":[{"start":{"line":151,"column":4},"end":{"line":154,"column":5}}]},"16":{"loc":{"start":{"line":162,"column":4},"end":{"line":169,"column":76}},"type":"if","locations":[{"start":{"line":162,"column":4},"end":{"line":169,"column":76}},{"start":{"line":167,"column":6},"end":{"line":169,"column":76}}]}},"s":{"0":1,"1":1,"2":1,"3":1,"4":0,"5":0,"6":1,"7":1,"8":2,"9":2,"10":2,"11":2,"12":0,"13":0,"14":2,"15":1,"16":1,"17":1,"18":0,"19":1,"20":1,"21":1,"22":1,"23":1,"24":1,"25":1,"26":1,"27":1,"28":2,"29":2,"30":2,"31":2,"32":0,"33":0,"34":2,"35":2,"36":0,"37":0,"38":2,"39":2,"40":1,"41":1,"42":1,"43":1,"44":1,"45":0,"46":0,"47":1,"48":1,"49":1,"50":1,"51":1,"52":1,"53":1,"54":1,"55":1,"56":1,"57":0,"58":0,"59":1,"60":0,"61":0,"62":1,"63":1,"64":0,"65":0,"66":1,"67":1,"68":0,"69":0,"70":0,"71":0,"72":1,"73":1,"74":1,"75":1,"76":1,"77":1,"78":0,"79":0,"80":1,"81":1,"82":0,"83":0,"84":1,"85":1,"86":0,"87":0,"88":0,"89":1},"f":{"0":0,"1":0,"2":2,"3":2,"4":2,"5":2,"6":1,"7":1,"8":1,"9":1,"10":1,"11":1},"b":{"0":[0],"1":[2,2,2],"2":[1],"3":[0],"4":[0,1],"5":[0],"6":[2,2],"7":[0],"8":[1,1],"9":[0,0],"10":[0],"11":[0],"12":[0],"13":[0,0],"14":[0],"15":[0],"16":[0,0]}}
,"C:\\Users\\yanki\\OneDrive\\שולחן העבודה\\reactPrjects\\testing with jest\\intergationTests\\src\\middleware\\authMiddleware.ts": {"path":"C:\\Users\\yanki\\OneDrive\\שולחן העבודה\\reactPrjects\\testing with jest\\intergationTests\\src\\middleware\\authMiddleware.ts","statementMap":{"0":{"start":{"line":2,"column":0},"end":{"line":2,"column":31}},"1":{"start":{"line":4,"column":23},"end":{"line":23,"column":1}},"2":{"start":{"line":5,"column":16},"end":{"line":5,"column":33}},"3":{"start":{"line":6,"column":2},"end":{"line":9,"column":3}},"4":{"start":{"line":7,"column":4},"end":{"line":7,"column":69}},"5":{"start":{"line":8,"column":4},"end":{"line":8,"column":11}},"6":{"start":{"line":11,"column":61},"end":{"line":13,"column":null}},"7":{"start":{"line":16,"column":2},"end":{"line":18,"column":3}},"8":{"start":{"line":17,"column":4},"end":{"line":17,"column":54}},"9":{"start":{"line":20,"column":3},"end":{"line":20,"column":30}},"10":{"start":{"line":22,"column":2},"end":{"line":22,"column":9}},"11":{"start":{"line":25,"column":0},"end":{"line":25,"column":30}}},"fnMap":{"0":{"name":"(anonymous_1)","decl":{"start":{"line":4,"column":23},"end":{"line":4,"column":24}},"loc":{"start":{"line":4,"column":75},"end":{"line":23,"column":1}}}},"branchMap":{"0":{"loc":{"start":{"line":6,"column":2},"end":{"line":9,"column":3}},"type":"if","locations":[{"start":{"line":6,"column":2},"end":{"line":9,"column":3}}]},"1":{"loc":{"start":{"line":16,"column":2},"end":{"line":18,"column":3}},"type":"if","locations":[{"start":{"line":16,"column":2},"end":{"line":18,"column":3}}]},"2":{"loc":{"start":{"line":16,"column":6},"end":{"line":16,"column":47}},"type":"binary-expr","locations":[{"start":{"line":16,"column":6},"end":{"line":16,"column":14}},{"start":{"line":16,"column":18},"end":{"line":16,"column":30}},{"start":{"line":16,"column":34},"end":{"line":16,"column":47}}]}},"s":{"0":1,"1":1,"2":5,"3":5,"4":2,"5":2,"6":3,"7":3,"8":0,"9":3,"10":3,"11":1},"f":{"0":5},"b":{"0":[2],"1":[0],"2":[3,3,3]}}
,"C:\\Users\\yanki\\OneDrive\\שולחן העבודה\\reactPrjects\\testing with jest\\intergationTests\\src\\models\\userModel.ts": {"path":"C:\\Users\\yanki\\OneDrive\\שולחן העבודה\\reactPrjects\\testing with jest\\intergationTests\\src\\models\\userModel.ts","statementMap":{"0":{"start":{"line":1,"column":0},"end":{"line":1,"column":54}},"1":{"start":{"line":11,"column":27},"end":{"line":30,"column":2}},"2":{"start":{"line":33,"column":0},"end":{"line":33,"column":57}}},"fnMap":{},"branchMap":{},"s":{"0":1,"1":1,"2":1},"f":{},"b":{}}
,"C:\\Users\\yanki\\OneDrive\\שולחן העבודה\\reactPrjects\\testing with jest\\intergationTests\\src\\routes\\userRouter.ts": {"path":"C:\\Users\\yanki\\OneDrive\\שולחן העבודה\\reactPrjects\\testing with jest\\intergationTests\\src\\routes\\userRouter.ts","statementMap":{"0":{"start":{"line":1,"column":0},"end":{"line":1,"column":33}},"1":{"start":{"line":2,"column":0},"end":{"line":2,"column":null}},"2":{"start":{"line":9,"column":0},"end":{"line":9,"column":58}},"3":{"start":{"line":11,"column":15},"end":{"line":11,"column":23}},"4":{"start":{"line":12,"column":0},"end":{"line":12,"column":41}},"5":{"start":{"line":13,"column":0},"end":{"line":13,"column":35}},"6":{"start":{"line":14,"column":0},"end":{"line":14,"column":27}},"7":{"start":{"line":15,"column":0},"end":{"line":15,"column":37}},"8":{"start":{"line":16,"column":0},"end":{"line":16,"column":40}},"9":{"start":{"line":17,"column":0},"end":{"line":17,"column":47}},"10":{"start":{"line":18,"column":0},"end":{"line":18,"column":22}}},"fnMap":{},"branchMap":{},"s":{"0":1,"1":1,"2":1,"3":1,"4":1,"5":1,"6":1,"7":1,"8":1,"9":1,"10":1},"f":{},"b":{}}
}
