TN:
SF:src\app.ts
FN:23,(anonymous_1)
FNF:1
FNH:1
FNDA:1,(anonymous_1)
DA:1,1
DA:2,1
DA:3,1
DA:5,1
DA:6,1
DA:7,1
DA:8,1
DA:11,1
DA:12,1
DA:15,1
DA:16,1
DA:17,1
DA:18,1
DA:21,1
DA:23,1
DA:24,1
DA:27,1
LF:17
LH:17
BRDA:9,0,0,0
BRDA:9,0,1,1
BRDA:12,1,0,1
BRDA:12,1,1,0
BRF:4
BRH:2
end_of_record
TN:
SF:src\config\db.ts
FN:3,connectDB
FNF:1
FNH:1
FNDA:1,connectDB
DA:1,1
DA:3,1
DA:4,1
DA:5,1
DA:6,1
DA:7,0
DA:8,1
DA:9,1
DA:12,0
LF:9
LH:7
BRDA:6,0,0,0
BRF:1
BRH:0
end_of_record
TN:
SF:src\controllers\someStuff.ts
FN:10,(anonymous_8)
FN:10,(anonymous_9)
FN:14,(anonymous_10)
FN:14,(anonymous_11)
FN:47,(anonymous_12)
FN:47,(anonymous_13)
FN:98,(anonymous_14)
FN:98,(anonymous_15)
FN:105,(anonymous_16)
FN:105,(anonymous_17)
FN:143,(anonymous_18)
FN:143,(anonymous_19)
FNF:12
FNH:10
FNDA:0,(anonymous_8)
FNDA:0,(anonymous_9)
FNDA:2,(anonymous_10)
FNDA:2,(anonymous_11)
FNDA:2,(anonymous_12)
FNDA:2,(anonymous_13)
FNDA:1,(anonymous_14)
FNDA:1,(anonymous_15)
FNDA:1,(anonymous_16)
FNDA:1,(anonymous_17)
FNDA:1,(anonymous_18)
FNDA:1,(anonymous_19)
DA:2,1
DA:3,1
DA:4,1
DA:10,1
DA:11,0
DA:14,2
DA:15,2
DA:16,2
DA:17,2
DA:18,0
DA:19,0
DA:22,2
DA:23,1
DA:25,1
DA:26,1
DA:27,1
DA:28,1
DA:33,1
DA:38,1
DA:40,1
DA:41,1
DA:42,1
DA:47,2
DA:48,2
DA:49,2
DA:50,2
DA:51,0
DA:54,0
DA:57,2
DA:59,2
DA:60,0
DA:61,0
DA:64,2
DA:66,2
DA:67,1
DA:74,1
DA:80,1
DA:86,1
DA:88,1
DA:91,0
DA:92,0
DA:98,1
DA:99,1
DA:105,1
DA:106,1
DA:107,1
DA:109,1
DA:110,0
DA:111,0
DA:113,1
DA:114,0
DA:115,0
DA:117,1
DA:119,1
DA:120,0
DA:121,0
DA:123,1
DA:129,1
DA:131,0
DA:132,0
DA:133,0
DA:137,0
DA:143,1
DA:144,1
DA:145,1
DA:146,1
DA:147,0
DA:148,0
DA:150,1
DA:151,1
DA:152,0
DA:153,0
DA:155,1
DA:160,1
DA:162,0
DA:163,0
DA:167,0
LF:77
LH:51
BRDA:17,0,0,0
BRDA:17,1,0,2
BRDA:17,1,1,2
BRDA:17,1,2,2
BRDA:22,2,0,1
BRDA:26,3,0,0
BRDA:41,4,0,0
BRDA:41,4,1,1
BRDA:50,5,0,0
BRDA:50,6,0,2
BRDA:50,6,1,2
BRDA:59,7,0,0
BRDA:66,8,0,1
BRDA:66,8,1,1
BRDA:91,9,0,0
BRDA:91,9,1,0
BRDA:109,10,0,0
BRDA:113,11,0,0
BRDA:119,12,0,0
BRDA:132,13,0,0
BRDA:132,13,1,0
BRDA:146,14,0,0
BRDA:151,15,0,0
BRDA:162,16,0,0
BRDA:162,16,1,0
BRF:25
BRH:9
end_of_record
TN:
SF:src\middleware\authMiddleware.ts
FN:4,(anonymous_1)
FNF:1
FNH:1
FNDA:5,(anonymous_1)
DA:2,1
DA:4,1
DA:5,5
DA:6,5
DA:7,2
DA:8,2
DA:11,3
DA:16,3
DA:17,0
DA:20,3
DA:22,3
DA:25,1
LF:12
LH:11
BRDA:6,0,0,2
BRDA:16,1,0,0
BRDA:16,2,0,3
BRDA:16,2,1,3
BRDA:16,2,2,3
BRF:5
BRH:4
end_of_record
TN:
SF:src\models\userModel.ts
FNF:0
FNH:0
DA:1,1
DA:11,1
DA:33,1
LF:3
LH:3
BRF:0
BRH:0
end_of_record
TN:
SF:src\routes\userRouter.ts
FNF:0
FNH:0
DA:1,1
DA:2,1
DA:9,1
DA:11,1
DA:12,1
DA:13,1
DA:14,1
DA:15,1
DA:16,1
DA:17,1
DA:18,1
LF:11
LH:11
BRF:0
BRH:0
end_of_record
